[2022-01-07 14:50:31.4137] [Info] [Thread-1] [PER_DComp.Robo.Program] Iniciando Robo PER/DComp v1.0.0 ...
[2022-01-07 14:50:31.4929] [Info] [Thread-1] [PER_DComp.Robo.Program] Lendo planilha dados 
[2022-01-07 15:16:26.6143] [Info] [Thread-1] [PER_DComp.Robo.Program] Iniciando Robo PER/DComp v1.0.0 ...
[2022-01-07 15:16:26.7278] [Info] [Thread-1] [PER_DComp.Robo.Program] Lendo planilha dados 
[2022-01-07 15:16:26.7278] [Info] [Thread-1] [PER_DComp.Robo.Program] Leu a planilha de dados
[2022-01-07 15:20:12.4461] [Info] [Thread-1] [PER_DComp.Robo.Program] Iniciando Robo PER/DComp v1.0.0 ...
[2022-01-07 15:20:12.4787] [Info] [Thread-1] [PER_DComp.Robo.Program] Lendo planilha dados 
[2022-01-07 15:20:12.4787] [Info] [Thread-1] [PER_DComp.Robo.Program] Leu a planilha de dados
[2022-01-07 15:20:24.1305] [Info] [Thread-1] [PER_DComp.Robo.Program] Drivers do ChromeDriver OpenQA.Selenium.Chrome
[2022-01-07 15:20:24.1305] [Info] [Thread-1] [PER_DComp.Robo.Program] Abrindo página portal e-Cac
[2022-01-07 15:22:07.1542] [Info] [Thread-1] [PER_DComp.Robo.Program] Iniciando Robo PER/DComp v1.0.0 ...
[2022-01-07 15:22:07.1949] [Info] [Thread-1] [PER_DComp.Robo.Program] Lendo planilha dados 
[2022-01-07 15:22:07.1949] [Info] [Thread-1] [PER_DComp.Robo.Program] Leu a planilha de dados
[2022-01-07 15:22:16.0420] [Info] [Thread-1] [PER_DComp.Robo.Program] Drivers do ChromeDriver OpenQA.Selenium.Chrome
[2022-01-07 15:22:16.0420] [Info] [Thread-1] [PER_DComp.Robo.Program] Abrindo página portal e-Cac
[2022-01-07 15:23:00.5412] [Info] [Thread-1] [PER_DComp.Robo.Program] Iniciando Robo PER/DComp v1.0.0 ...
[2022-01-07 15:23:00.5776] [Info] [Thread-1] [PER_DComp.Robo.Program] Lendo planilha dados 
[2022-01-07 15:23:00.5776] [Info] [Thread-1] [PER_DComp.Robo.Program] Leu a planilha de dados
[2022-01-07 15:23:04.7427] [Info] [Thread-1] [PER_DComp.Robo.Program] Drivers do ChromeDriver OpenQA.Selenium.Chrome
[2022-01-07 15:23:04.7427] [Info] [Thread-1] [PER_DComp.Robo.Program] Abrindo página portal e-Cac
[2022-01-07 15:23:07.7570] [Info] [Thread-1] [PER_DComp.Robo.Program] Aguardando usuário fazer login...
[2022-01-07 15:23:26.2025] [Info] [Thread-1] [PER_DComp.Robo.Program] Iniciando Robo PER/DComp v1.0.0 ...
[2022-01-07 15:23:26.2443] [Info] [Thread-1] [PER_DComp.Robo.Program] Lendo planilha dados 
[2022-01-07 15:23:26.2455] [Info] [Thread-1] [PER_DComp.Robo.Program] Leu a planilha de dados
[2022-01-07 15:23:30.4709] [Info] [Thread-1] [PER_DComp.Robo.Program] Drivers do ChromeDriver OpenQA.Selenium.Chrome
[2022-01-07 15:23:30.4709] [Info] [Thread-1] [PER_DComp.Robo.Program] Abrindo página portal e-Cac
[2022-01-07 15:29:04.7941] [Info] [Thread-1] [PER_DComp.Robo.Program] Iniciando Robo PER/DComp v1.0.0 ...
[2022-01-07 15:29:04.8277] [Info] [Thread-1] [PER_DComp.Robo.Program] Lendo planilha dados 
[2022-01-07 15:29:04.8277] [Info] [Thread-1] [PER_DComp.Robo.Program] Leu a planilha de dados
[2022-01-07 15:29:10.4802] [Info] [Thread-1] [PER_DComp.Robo.Program] Drivers do ChromeDriver OpenQA.Selenium.Chrome
[2022-01-07 15:29:10.4802] [Info] [Thread-1] [PER_DComp.Robo.Program] Abrindo página portal e-Cac
[2022-01-07 15:30:10.2156] [Info] [Thread-1] [PER_DComp.Robo.Program] Aguardando usuário fazer login...
[2022-01-07 15:33:22.5254] [Info] [Thread-1] [PER_DComp.Robo.Program] Iniciando Robo PER/DComp v1.0.0 ...
[2022-01-07 15:33:22.5811] [Info] [Thread-1] [PER_DComp.Robo.Program] Lendo planilha dados 
[2022-01-07 15:33:22.5811] [Info] [Thread-1] [PER_DComp.Robo.Program] Leu a planilha de dados
[2022-01-07 15:33:31.3107] [Info] [Thread-1] [PER_DComp.Robo.Program] Drivers do ChromeDriver OpenQA.Selenium.Chrome
[2022-01-07 15:33:31.3107] [Info] [Thread-1] [PER_DComp.Robo.Program] Abrindo página portal e-Cac
[2022-01-07 15:39:03.7613] [Info] [Thread-1] [PER_DComp.Robo.Program] Iniciando Robo PER/DComp v1.0.0 ...
[2022-01-07 15:39:03.7958] [Info] [Thread-1] [PER_DComp.Robo.Program] Lendo planilha dados 
[2022-01-07 15:39:03.7958] [Info] [Thread-1] [PER_DComp.Robo.Program] Leu a planilha de dados
[2022-01-07 15:39:07.0783] [Info] [Thread-1] [PER_DComp.Robo.Program] Drivers do ChromeDriver OpenQA.Selenium.Chrome
[2022-01-07 15:39:07.0783] [Info] [Thread-1] [PER_DComp.Robo.Program] Abrindo página portal e-Cac
[2022-01-07 15:39:08.0281] [Info] [Thread-1] [PER_DComp.Robo.Program] Aguardando usuário fazer login...
[2022-01-07 15:39:21.1254] [Info] [Thread-1] [PER_DComp.Robo.Program] Abrindo página portal e-Cac
[2022-01-07 15:40:24.3197] [Info] [Thread-1] [PER_DComp.Robo.Program] Iniciando Robo PER/DComp v1.0.0 ...
[2022-01-07 15:40:24.3549] [Info] [Thread-1] [PER_DComp.Robo.Program] Lendo planilha dados 
[2022-01-07 15:40:24.3549] [Info] [Thread-1] [PER_DComp.Robo.Program] Leu a planilha de dados
[2022-01-07 15:40:36.7737] [Info] [Thread-1] [PER_DComp.Robo.Program] Drivers do ChromeDriver OpenQA.Selenium.Chrome
[2022-01-07 15:40:36.7737] [Info] [Thread-1] [PER_DComp.Robo.Program] Abrindo página portal e-Cac
[2022-01-07 15:42:18.6930] [Info] [Thread-1] [PER_DComp.Robo.Program] Aguardando usuário fazer login...
[2022-01-07 15:42:54.4565] [Info] [Thread-1] [PER_DComp.Robo.Program] Abrindo página portal e-Cac
